I'm trying to setup automatic deploys to github pages of the flatland example. It has two requirements:

---

[Request interrupted by user]

---

I'm trying to setup automatic deploys to github pages of the flatland example. It has two requirements:
1. Merging to main, deploys to github pages
2. An open PR, should also deploy to github pages, but in a directory scoped to the PR
3. When the PR is closed, the scoped directory on github pages should get removed

---

Now I see it's running the GH action, but I see this error: `Error: Unable to resolve action rossjrw/pr-preview-deploy-action, repository not found`

---

Now I see this error in the action workflow:
```
  Error: Multiple versions of pnpm specified:
    - version 9 in the GitHub Action config with the key "version"
    - version pnpm@8.12.0 in the package.json with the key "packageManager"
  Remove one of these versions to avoid version mismatch errors like ERR_PNPM_BAD_PM_VERSION
      at readTarget (/home/runner/work/_actions/pnpm/action-setup/v4/dist/index.js:1:4977)
      at runSelfInstaller (/home/runner/work/_actions/pnpm/action-setup/v4/dist/index.js:1:4142)
      at async install (/home/runner/work/_actions/pnpm/action-setup/v4/dist/index.js:1:3154)
      at async main (/home/runner/work/_actions/pnpm/action-setup/v4/dist/index.js:1:445)
  Error: Error: Multiple versions of pnpm specified:
    - version 9 in the GitHub Action config with the key "version"
    - version pnpm@8.12.0 in the package.json with the key "packageManager"
  Remove one of these versions to avoid version mismatch errors like ERR_PNPM_BAD_PM_VERSION
```

---

What's causing this error when running `pnpm build`:
```

---

[Request interrupted by user]

---

What's causing this error when running `pnpm build`:
```
DTS Build start
src/runtime/client.ts(3,24): error TS2307: Cannot find module '@pressy/components' or its corresponding type declarations.
src/runtime/client.ts(4,34): error TS2307: Cannot find module '@pressy/components/content' or its corresponding type declarations.

Error: error occurred in dts build
    at Worker.<anonymous> (/Users/blittle/dev/pressy/node_modules/.pnpm/tsup@8.5.1_typescript@5.9.3_yaml@2.8.2/node_modules/tsup/dist/index.js:1545:26)
    at Worker.emit (node:events:519:28)
    at MessagePort.<anonymous> (node:internal/worker:270:53)
    at [nodejs.internal.kHybridDispatch] (node:internal/event_target:827:20)
    at MessagePort.<anonymous> (node:internal/per_context/messageport:23:28)
DTS Build error
/Users/blittle/dev/pressy/packages/pressy:
 ERR_PNPM_RECURSIVE_RUN_FIRST_FAIL  pressy@0.1.0 build: `tsup`
Exit status 1
 ELIFECYCLE  Command failed with exit code 1.
```

---

Should line 37 of @.github/workflows/deploy-pages.yml just do a `pnpm build`, so it's using the same script as me when I test?

---

I don't think that line 42 of @.github/workflows/deploy-pages.yml is the right command to build the example

---

Running that command gives this error:
```
 pnpm --filter flatland-example build                                                                              1 ↵

> flatland-example@0.1.0 build /Users/blittle/dev/pressy/examples/flatland
> pressy build

sh: pressy: command not found
/Users/blittle/dev/pressy/examples/flatland:
 ERR_PNPM_RECURSIVE_RUN_FIRST_FAIL  flatland-example@0.1.0 build: `pressy build`
spawn ENOENT
```

---

[Request interrupted by user for tool use]

---

But this also needs to be done in the gh action script?

---

That still didn't work:
```
pnpm --filter flatland-example build

> flatland-example@0.1.0 build /Users/blittle/dev/pressy/examples/flatland
> pnpm exec pressy build

 ERR_PNPM_RECURSIVE_EXEC_FIRST_FAIL  Command "pressy" not found
/Users/blittle/dev/pressy/examples/flatland:
 ERR_PNPM_RECURSIVE_RUN_FIRST_FAIL  flatland-example@0.1.0 build: `pnpm exec pressy build`
Exit status 1
```

---

[Request interrupted by user for tool use]

---

So should the flow be `pnpm install` -> `pnpm build` -> `pnpm install`? That seems a bit odd, but maybe okay. Should the gh action also be updated to do that?

---

Okay! Now it properly executes the CLI, but I think there is a totall different problem with the build:

---

[Request interrupted by user]

---

Okay! Now it properly executes the CLI, but I think there is a totall different problem with the build:
```
pnpm --filter flatland-example build                        

> flatland-example@0.1.0 build /Users/blittle/dev/pressy/examples/flatland
> pressy build

Building for production...

vite v5.4.21 building for production...
✓ 0 modules transformed.
x Build failed in 21ms
node:internal/process/promises:394
    triggerUncaughtException(err, true /* fromPromise */);
    ^

Could not resolve entry module "index.html".
    at getRollupError (file:///Users/blittle/dev/pressy/node_modules/.pnpm/rollup@4.57.1/node_modules/rollup/dist/es/shared/parseAst.js:402:41)
    at error (file:///Users/blittle/dev/pressy/node_modules/.pnpm/rollup@4.57.1/node_modules/rollup/dist/es/shared/parseAst.js:398:42)
    at ModuleLoader.loadEntryModule (file:///Users/blittle/dev/pressy/node_modules/.pnpm/rollup@4.57.1/node_modules/rollup/dist/es/shared/node-entry.js:21708:20)
    at async Promise.all (index 0) {
  code: 'UNRESOLVED_ENTRY'
}

Node.js v22.20.0
/Users/blittle/dev/pressy/examples/flatland:
 ERR_PNPM_RECURSIVE_RUN_FIRAIL  flatland-example@0.1.0 build: `pressy build`
```

---

[Request interrupted by user for tool use]

---

The build now works, but attempting to load the app, I see errors loading all the static resources:
```
10:4:34 [404]: /@pressy/typography/fluid.css
10:4:34 [404]: /@pressy/typography/themes/light.css
10:4:34 [404]: /@pressy/client
10:4:34 [404]: /@pressy/typography/prose.css
10:4:34 [404]: /@pressy/typography/fluid.css
10:4:34 [404]: /@pressy/typography/themes/light.css
10:4:34 [404]: /@pressy/client
10:4:34 [404]: /@pressy/typography/prose.css
10:4:34 [404]: /@pressy/typography/fluid.css
10:4:34 [404]: /@pressy/typography/themes/light.css
10:4:34 [404]: /@pressy/client
10:4:35 [404]: /@pressy/typography/prose.css
10:4:35 [404]: /@pressy/typography/fluid.css
10:4:35 [404]: /@pressy/typography/themes/light.css
10:4:35 [404]: /@pressy/client
10:4:49 [200]: /
10:4:49 [404]: /@pressy/typography/prose.css
10:4:49 [404]: /@pressy/typography/fluid.css
10:4:49 [404]: /@pressy/typography/themes/light.css
10:4:49 [404]: /@pressy/client
10:4:49 [200]: /manifest.webmanifest
10:4:49 [404]: /favicon.ico
10:4:49 [404]: /icon-192.png
10:4:51 [404]: /@pressy/typography/prose.css
10:4:51 [404]: /@pressy/typography/fluid.css
10:4:51 [404]: /@pressy/typography/themes/light.css
10:4:51 [404]: /.well-known/appspecific/com.chrome.devtools.json
```

---

[Request interrupted by user for tool use]

---

Now it loads those resources, but in the browser I see these errors:
```

﻿
(index):15 Uncaught SyntaxError: The requested module '/assets/_virtual_pressy-entry-jafklEId.js' does not provide an export named 'hydrate' (at (index):15:14)
icon-192.png:1 
 GET http://127.0.0.1:8080/icon-192.png 404 (Not Found)
```

---

The home page now loads, but the child pages do not:
```
GET http://127.0.0.1:8080/content/books/flatland/00-preface.mdx net::ERR_ABORTED 404 (Not Found)
```

---

[Request interrupted by user for tool use]

---

Building flatland fails with:
```
x Build failed in 85ms
node:internal/process/promises:394
    triggerUncaughtException(err, true /* fromPromise */);
    ^

[vite]: Rollup failed to resolve import "preact/jsx-runtime" from "/Users/blittle/dev/pressy/examples/flatland/content/books/flatland/00-preface.mdx".
This is most likely unintended because it can break your application at runtime.
If you do want to externalize this module explicitly add it to
`build.rollupOptions.external`
    at viteWarn (file:///Users/blittle/dev/pressy/node_modules/.pnpm/vite@5.4.21_@types+node@20.19.33/node_modules/vite/dist/node/chunks/dep-BK3b2jBa.js:65855:17)
    at onRollupWarning (file:///Users/blittle/dev/pressy/node_modules/.pnpm/vite@5.4.21_@types+node@20.19.33/node_modules/vite/dist/node/chunks/dep-BK3b2jBa.js:65887:5)
    at onwarn (file:///Users/blittle/dev/pressy/node_modules/.pnpm/vite@5.4.21_@types+node@20.19.33/node_modules/vite/dist/node/chunks/dep-BK3b2jBa.js:65550:7)
    at file:///Users/blittle/dev/pressy/node_modules/.pnpm/rollup@4.57.1/node_modules/rollup/dist/es/shared/node-entry.js:20972:13
    at Object.logger [as onLog] (file:///Users/blittle/dev/pressy/node_modules/.pnpm/rollup@4.57.1/node_modules/rollup/dist/es/shared/node-entry.js:22945:9)
    at ModuleLoader.handleInvalidResolvedId (file:///Users/blittle/dev/pressy/node_modules/.pnpm/rollup@4.57.1/node_modules/rollup/dist/es/shared/node-entry.js:21689:26)
    at file:///Users/blittle/dev/pressy/node_modules/.pnpm/rollup@4.57.1/node_modules/rollup/dist/es/shared/node-entry.js:21647:26 {
  watchFiles: [
    'package.json',
    '/Users/blittle/dev/pressy/packages/@pressy/typography/package.json',
    '/Users/blittle/dev/pressy/packages/pressy/dist/runtime/client.js',
    '/Users/blittle/dev/pressy/examples/flatland/content/books/flatland/00-preface.mdx',
    '/Users/blittle/dev/pressy/examples/flatland/content/books/flatland/01-of-the-nature-of-flatland.mdx',
    '/Users/blittle/dev/pressy/examples/flatland/content/books/flatland/03-concerning-the-inhabitants.mdx',
    '/Users/blittle/dev/pressy/examples/flatland/content/books/flatland/04-concerning-the-women.mdx',
    '/Users/blittle/dev/pressy/examples/flatland/content/books/flatland/02-of-the-climate-and-houses.mdx',
    '/Users/blittle/dev/pressy/examples/flatland/content/books/flatland/05-of-our-methods-of-recognizing.mdx',
    '/Users/blittle/dev/pressy/examples/flatland/content/books/flatland/06-of-recognition-by-sight.mdx',
    '/Users/blittle/dev/pressy/examples/flatland/content/books/flatland/07-concerning-a-stranger.mdx',
    '/Users/blittle/dev/pressy/examples/flatland/content/articles/about-flatland/index.mdx',
    '/Users/blittle/dev/pressy/packages/pressy/package.json',
    '/Users/blittle/dev/pressy/packages/@pressy/components/package.json',
    '/Users/blittle/dev/pressy/examples/flatland/package.json'
  ]
}

Node.js v22.20.0
/Users/blittle/dev/pressy/examples/flatland:
 ERR_PNPM_RECURSIVE_RUN_FIRST_FAIL  flatland-example@0.1.0 build: `pressy build`
Exit status 1
```

---

Okay, now let's go back and fix the 404 icon loading `/icon-192.png`

---

[Request interrupted by user for tool use]

---

I'll wait to solve it instead